<?xml version="1.0" encoding="utf-8"?>
<TestRun id="c1ac0d0c-667a-4493-ad17-1cd4efb3a8f2" name="fokko@F-HOME 2024-01-06 09:50:37" runUser="F-HOME\fokko" xmlns="http://microsoft.com/schemas/VisualStudio/TeamTest/2010">
  <Times creation="2024-01-06T09:50:37.3805467+01:00" queuing="2024-01-06T09:50:37.3805475+01:00" start="2024-01-06T09:50:35.5310309+01:00" finish="2024-01-06T09:50:52.7395318+01:00" />
  <TestSettings name="default" id="6ed3d320-2f03-48a4-93ee-a2e87e1ae4ad">
    <Deployment runDeploymentRoot="fokko_F-HOME_2024-01-06_09_50_37" />
  </TestSettings>
  <Results>
    <UnitTestResult executionId="06a7ae94-a61e-475e-8dea-e8f932169d8b" testId="0db71506-fafa-ba49-c56a-47f6389358a9" testName="SkiServiceApp.Tests.ViewModels.SettingsViewModelTests.ChangeAlwaysSaveLogin_UpdatesAlwaysSaveLogin" computerName="F-HOME" duration="00:00:00.0157742" startTime="2024-01-06T09:50:44.1633376+01:00" endTime="2024-01-06T09:50:44.1633378+01:00" testType="13cdc9d9-ddb5-4fa4-a97d-d965ccfc6d4b" outcome="Passed" testListId="8c84fa94-04c1-424b-9868-57a2d4851a1d" relativeResultsDirectory="06a7ae94-a61e-475e-8dea-e8f932169d8b" />
    <UnitTestResult executionId="8f04f98f-cb5a-4cb0-a013-a3d7aff867b4" testId="fd1e2349-942d-547e-a79d-a2c074d1ccd1" testName="SkiServiceApp.Tests.Models.CustomListItemTests.NextStateForSampleWorks" computerName="F-HOME" duration="00:00:00.0957439" startTime="2024-01-06T09:50:44.4508530+01:00" endTime="2024-01-06T09:50:44.4508531+01:00" testType="13cdc9d9-ddb5-4fa4-a97d-d965ccfc6d4b" outcome="Passed" testListId="8c84fa94-04c1-424b-9868-57a2d4851a1d" relativeResultsDirectory="8f04f98f-cb5a-4cb0-a013-a3d7aff867b4" />
    <UnitTestResult executionId="3edd28cc-96ba-449a-920e-6d2a1c87a8f4" testId="7e849c67-f0f2-3a08-8f6e-a8f82feab75e" testName="SkiServiceApp.Tests.Common.AuthManagerTests.RemovePropertiesCorrectlyOnLogout" computerName="F-HOME" duration="00:00:00.0030257" startTime="2024-01-06T09:50:36.0064745+01:00" endTime="2024-01-06T09:50:36.0065008+01:00" testType="13cdc9d9-ddb5-4fa4-a97d-d965ccfc6d4b" outcome="Passed" testListId="8c84fa94-04c1-424b-9868-57a2d4851a1d" relativeResultsDirectory="3edd28cc-96ba-449a-920e-6d2a1c87a8f4" />
    <UnitTestResult executionId="2d9ac469-0559-4653-a04e-6c073b13ecdb" testId="a48d48fa-f2c4-4ce4-2934-91ca6c8df0f6" testName="SkiServiceApp.Tests.Models.HttpResponseTests.HttpResponse_ParseError" computerName="F-HOME" duration="00:00:00.0030262" startTime="2024-01-06T09:50:36.0170148+01:00" endTime="2024-01-06T09:50:36.0170150+01:00" testType="13cdc9d9-ddb5-4fa4-a97d-d965ccfc6d4b" outcome="Passed" testListId="8c84fa94-04c1-424b-9868-57a2d4851a1d" relativeResultsDirectory="2d9ac469-0559-4653-a04e-6c073b13ecdb" />
    <UnitTestResult executionId="8731b34d-2325-47e6-bd72-15da86f29ab3" testId="1d85eeea-a373-7397-e632-b0dd0dfbe361" testName="SkiServiceApp.Tests.Models.HttpResponseTests.HttpResponse_ParseSuccess" computerName="F-HOME" duration="00:00:00.0127431" startTime="2024-01-06T09:50:36.0134590+01:00" endTime="2024-01-06T09:50:36.0134594+01:00" testType="13cdc9d9-ddb5-4fa4-a97d-d965ccfc6d4b" outcome="Passed" testListId="8c84fa94-04c1-424b-9868-57a2d4851a1d" relativeResultsDirectory="8731b34d-2325-47e6-bd72-15da86f29ab3" />
    <UnitTestResult executionId="5ee28aed-abfe-4ffe-b595-367777bd747a" testId="7866139b-3ecc-c1dd-8e4f-ba804cabb3a6" testName="SkiServiceApp.Tests.Models.CustomListItemTests.CancelForSampleWorks" computerName="F-HOME" duration="00:00:00.0797296" startTime="2024-01-06T09:50:44.3175168+01:00" endTime="2024-01-06T09:50:44.3175170+01:00" testType="13cdc9d9-ddb5-4fa4-a97d-d965ccfc6d4b" outcome="Passed" testListId="8c84fa94-04c1-424b-9868-57a2d4851a1d" relativeResultsDirectory="5ee28aed-abfe-4ffe-b595-367777bd747a" />
    <UnitTestResult executionId="afc2cac2-10a2-408e-9652-722105ae9395" testId="0e35a989-f850-419b-32b6-4044dd263d11" testName="SkiServiceApp.Tests.ViewModels.AppLoginViewModelTests.LoginModifiesAuthManager" computerName="F-HOME" duration="00:00:00.0623567" startTime="2024-01-06T09:50:43.8927784+01:00" endTime="2024-01-06T09:50:43.8927787+01:00" testType="13cdc9d9-ddb5-4fa4-a97d-d965ccfc6d4b" outcome="Passed" testListId="8c84fa94-04c1-424b-9868-57a2d4851a1d" relativeResultsDirectory="afc2cac2-10a2-408e-9652-722105ae9395" />
    <UnitTestResult executionId="007049d8-d3e2-478a-a017-1b09fb3e568e" testId="40d0b389-0c08-7335-14d7-bc1ce060d1d9" testName="SkiServiceApp.Tests.ViewModels.SettingsViewModelTests.ChangeTheme_UpdatesTheme" computerName="F-HOME" duration="00:00:00.0144017" startTime="2024-01-06T09:50:44.1160572+01:00" endTime="2024-01-06T09:50:44.1160574+01:00" testType="13cdc9d9-ddb5-4fa4-a97d-d965ccfc6d4b" outcome="Passed" testListId="8c84fa94-04c1-424b-9868-57a2d4851a1d" relativeResultsDirectory="007049d8-d3e2-478a-a017-1b09fb3e568e" />
    <UnitTestResult executionId="bff5a2ac-bbeb-494f-9783-c3db38f02348" testId="074f96ea-75ce-e03a-78d9-cfab6248fffc" testName="SkiServiceApp.Tests.ViewModels.OrderDetailViewModelTests.LoadServiceDetails_LoadsEntry" computerName="F-HOME" duration="00:00:00.1340155" startTime="2024-01-06T09:50:44.0655711+01:00" endTime="2024-01-06T09:50:44.0655712+01:00" testType="13cdc9d9-ddb5-4fa4-a97d-d965ccfc6d4b" outcome="Passed" testListId="8c84fa94-04c1-424b-9868-57a2d4851a1d" relativeResultsDirectory="bff5a2ac-bbeb-494f-9783-c3db38f02348" />
    <UnitTestResult executionId="bb82ae4b-48b6-4441-a5c5-5ce716d20638" testId="345e94fb-2776-6488-eebd-afa29d27772f" testName="SkiServiceApp.Tests.ViewModels.AppShellViewModelTests.Logout_UpdatesAuthManager" computerName="F-HOME" duration="00:00:00.0190090" startTime="2024-01-06T09:50:43.9313353+01:00" endTime="2024-01-06T09:50:43.9313361+01:00" testType="13cdc9d9-ddb5-4fa4-a97d-d965ccfc6d4b" outcome="Passed" testListId="8c84fa94-04c1-424b-9868-57a2d4851a1d" relativeResultsDirectory="bb82ae4b-48b6-4441-a5c5-5ce716d20638" />
    <UnitTestResult executionId="79d669d5-4d21-4bb0-b1c7-aaded863d198" testId="82d5288b-2247-bbcb-0346-c212eabe4f09" testName="SkiServiceApp.Tests.Common.AuthManagerTests.LoginChanged_CalledOnLogout" computerName="F-HOME" duration="00:00:00.0006584" startTime="2024-01-06T09:50:36.0144127+01:00" endTime="2024-01-06T09:50:36.0144128+01:00" testType="13cdc9d9-ddb5-4fa4-a97d-d965ccfc6d4b" outcome="Passed" testListId="8c84fa94-04c1-424b-9868-57a2d4851a1d" relativeResultsDirectory="79d669d5-4d21-4bb0-b1c7-aaded863d198" />
    <UnitTestResult executionId="061dc577-5a5b-4142-a73b-8830b545e658" testId="410f5827-bff5-9431-2dd2-c578822bb824" testName="SkiServiceApp.Tests.ViewModels.AppLoginViewModelTests.LoginFailsWithWrongUsername" computerName="F-HOME" duration="00:00:00.0184803" startTime="2024-01-06T09:50:43.9113743+01:00" endTime="2024-01-06T09:50:43.9113746+01:00" testType="13cdc9d9-ddb5-4fa4-a97d-d965ccfc6d4b" outcome="Passed" testListId="8c84fa94-04c1-424b-9868-57a2d4851a1d" relativeResultsDirectory="061dc577-5a5b-4142-a73b-8830b545e658" />
    <UnitTestResult executionId="5ce46047-4631-4c11-a1f6-686df1e71aae" testId="075bc5d1-93c0-5def-a32a-94348398837b" testName="SkiServiceApp.Tests.Models.CustomListItemTests.ApplyToSampleWorks" computerName="F-HOME" duration="00:00:00.0604736" startTime="2024-01-06T09:50:44.5114759+01:00" endTime="2024-01-06T09:50:44.5114773+01:00" testType="13cdc9d9-ddb5-4fa4-a97d-d965ccfc6d4b" outcome="Passed" testListId="8c84fa94-04c1-424b-9868-57a2d4851a1d" relativeResultsDirectory="5ce46047-4631-4c11-a1f6-686df1e71aae" />
    <UnitTestResult executionId="48241944-ae38-4410-bf81-b529d661a71d" testId="3e1d4b7c-79bf-987a-0479-38ba1bcdbffb" testName="SkiServiceApp.Tests.Models.CustomListItemTests.UpdateDetailsWorks" computerName="F-HOME" duration="00:00:00.0740881" startTime="2024-01-06T09:50:44.2376505+01:00" endTime="2024-01-06T09:50:44.2376507+01:00" testType="13cdc9d9-ddb5-4fa4-a97d-d965ccfc6d4b" outcome="Passed" testListId="8c84fa94-04c1-424b-9868-57a2d4851a1d" relativeResultsDirectory="48241944-ae38-4410-bf81-b529d661a71d" />
    <UnitTestResult executionId="fa0b676f-8575-4e2c-897a-2465327f701b" testId="8bc37e95-0ea0-aaaf-a024-b90b440ef618" testName="SkiServiceApp.Tests.ViewModels.AppLoginViewModelTests.LoginFailsWithWrongPassword" computerName="F-HOME" duration="00:00:00.3590829" startTime="2024-01-06T09:50:43.8293135+01:00" endTime="2024-01-06T09:50:43.8293138+01:00" testType="13cdc9d9-ddb5-4fa4-a97d-d965ccfc6d4b" outcome="Passed" testListId="8c84fa94-04c1-424b-9868-57a2d4851a1d" relativeResultsDirectory="fa0b676f-8575-4e2c-897a-2465327f701b" />
    <UnitTestResult executionId="20927afa-c54e-4e65-bd8a-67ab73f527b0" testId="b38d4d44-4708-d85d-562d-8fed8e803d4e" testName="SkiServiceApp.Tests.ViewModels.SettingsViewModelTests.ChangeCancelInListView_UpdatesCancelInListView" computerName="F-HOME" duration="00:00:00.0183592" startTime="2024-01-06T09:50:44.0841504+01:00" endTime="2024-01-06T09:50:44.0841506+01:00" testType="13cdc9d9-ddb5-4fa4-a97d-d965ccfc6d4b" outcome="Passed" testListId="8c84fa94-04c1-424b-9868-57a2d4851a1d" relativeResultsDirectory="20927afa-c54e-4e65-bd8a-67ab73f527b0" />
    <UnitTestResult executionId="698b6563-ee3c-46d3-b116-2a9794f24fbb" testId="04d94cfc-2ee0-3833-87dc-3958428675c6" testName="SkiServiceApp.Tests.ViewModels.SettingsViewModelTests.ChangeLanguage_UpdatesLanguage" computerName="F-HOME" duration="00:00:00.0173042" startTime="2024-01-06T09:50:44.1015581+01:00" endTime="2024-01-06T09:50:44.1015592+01:00" testType="13cdc9d9-ddb5-4fa4-a97d-d965ccfc6d4b" outcome="Passed" testListId="8c84fa94-04c1-424b-9868-57a2d4851a1d" relativeResultsDirectory="698b6563-ee3c-46d3-b116-2a9794f24fbb" />
    <UnitTestResult executionId="1b23d536-50a1-48d6-8824-9a0bed07c063" testId="69cc539c-887a-9c25-8311-1c386716d0b1" testName="SkiServiceApp.Tests.Models.HttpResponseTests.HttpResponse_Failure" computerName="F-HOME" duration="00:00:00.0004120" startTime="2024-01-06T09:50:36.0139631+01:00" endTime="2024-01-06T09:50:36.0139632+01:00" testType="13cdc9d9-ddb5-4fa4-a97d-d965ccfc6d4b" outcome="Passed" testListId="8c84fa94-04c1-424b-9868-57a2d4851a1d" relativeResultsDirectory="1b23d536-50a1-48d6-8824-9a0bed07c063" />
    <UnitTestResult executionId="5fb6c329-97c7-4de1-9c2e-0c947f60d0c6" testId="3c221ccb-3012-932b-3efe-0de90d566140" testName="SkiServiceApp.Tests.ViewModels.SettingsViewModelTests.LogoutOnAllDevices_CallsEventAndRemovesUser" computerName="F-HOME" duration="00:00:00.0312465" startTime="2024-01-06T09:50:44.1474671+01:00" endTime="2024-01-06T09:50:44.1474673+01:00" testType="13cdc9d9-ddb5-4fa4-a97d-d965ccfc6d4b" outcome="Passed" testListId="8c84fa94-04c1-424b-9868-57a2d4851a1d" relativeResultsDirectory="5fb6c329-97c7-4de1-9c2e-0c947f60d0c6" />
    <UnitTestResult executionId="98e08afc-45b4-4834-839e-e4a8240ff5a5" testId="7c3a3474-b43e-d816-5016-1b899194ee97" testName="SkiServiceApp.Tests.Common.AuthManagerTests.LoginChanged_CalledOnLogin" computerName="F-HOME" duration="00:00:00.0043776" startTime="2024-01-06T09:50:36.0104429+01:00" endTime="2024-01-06T09:50:36.0104431+01:00" testType="13cdc9d9-ddb5-4fa4-a97d-d965ccfc6d4b" outcome="Passed" testListId="8c84fa94-04c1-424b-9868-57a2d4851a1d" relativeResultsDirectory="98e08afc-45b4-4834-839e-e4a8240ff5a5" />
    <UnitTestResult executionId="ebd0563e-8e4c-4c24-923f-5da0b396260c" testId="50ef865e-29b9-a603-44ca-250f077393dd" testName="SkiServiceApp.Tests.Models.HttpResponseTests.HttpResponse_Success" computerName="F-HOME" duration="00:00:00.0002556" startTime="2024-01-06T09:50:36.0173483+01:00" endTime="2024-01-06T09:50:36.0173485+01:00" testType="13cdc9d9-ddb5-4fa4-a97d-d965ccfc6d4b" outcome="Passed" testListId="8c84fa94-04c1-424b-9868-57a2d4851a1d" relativeResultsDirectory="ebd0563e-8e4c-4c24-923f-5da0b396260c" />
    <UnitTestResult executionId="1056de25-0d33-425f-961f-6085051e1eb0" testId="11c4d57e-6c0b-0f26-3fe8-a273c170ebd7" testName="SkiServiceApp.Tests.Models.CustomListItemTests.VerifySample" computerName="F-HOME" duration="00:00:00.0373723" startTime="2024-01-06T09:50:44.3549756+01:00" endTime="2024-01-06T09:50:44.3549760+01:00" testType="13cdc9d9-ddb5-4fa4-a97d-d965ccfc6d4b" outcome="Passed" testListId="8c84fa94-04c1-424b-9868-57a2d4851a1d" relativeResultsDirectory="1056de25-0d33-425f-961f-6085051e1eb0" />
    <UnitTestResult executionId="4022ebb3-15af-4aed-a057-03980c4e8cdd" testId="20033b6f-58c4-4a7e-af81-b4247209b75b" testName="SkiServiceApp.Tests.Common.AuthManagerTests.SetPropertiesCorrectlyOnLogin" computerName="F-HOME" duration="00:00:00.0032020" startTime="2024-01-06T09:50:36.0136842+01:00" endTime="2024-01-06T09:50:36.0136846+01:00" testType="13cdc9d9-ddb5-4fa4-a97d-d965ccfc6d4b" outcome="Passed" testListId="8c84fa94-04c1-424b-9868-57a2d4851a1d" relativeResultsDirectory="4022ebb3-15af-4aed-a057-03980c4e8cdd" />
  </Results>
  <TestDefinitions>
    <UnitTest name="SkiServiceApp.Tests.ViewModels.AppLoginViewModelTests.LoginFailsWithWrongPassword" storage="c:\github\ict-322-ski-service-app\skiserviceapp.tests\bin\debug\net8.0\skiserviceapp.tests.dll" id="8bc37e95-0ea0-aaaf-a024-b90b440ef618">
      <Execution id="fa0b676f-8575-4e2c-897a-2465327f701b" />
      <TestMethod codeBase="C:\Github\ict-322-ski-service-app\SkiServiceApp.Tests\bin\Debug\net8.0\SkiServiceApp.Tests.dll" adapterTypeName="executor://xunit/VsTestRunner2/netcoreapp" className="SkiServiceApp.Tests.ViewModels.AppLoginViewModelTests" name="LoginFailsWithWrongPassword" />
    </UnitTest>
    <UnitTest name="SkiServiceApp.Tests.Models.HttpResponseTests.HttpResponse_Success" storage="c:\github\ict-322-ski-service-app\skiserviceapp.tests\bin\debug\net8.0\skiserviceapp.tests.dll" id="50ef865e-29b9-a603-44ca-250f077393dd">
      <Execution id="ebd0563e-8e4c-4c24-923f-5da0b396260c" />
      <TestMethod codeBase="C:\Github\ict-322-ski-service-app\SkiServiceApp.Tests\bin\Debug\net8.0\SkiServiceApp.Tests.dll" adapterTypeName="executor://xunit/VsTestRunner2/netcoreapp" className="SkiServiceApp.Tests.Models.HttpResponseTests" name="HttpResponse_Success" />
    </UnitTest>
    <UnitTest name="SkiServiceApp.Tests.ViewModels.SettingsViewModelTests.ChangeCancelInListView_UpdatesCancelInListView" storage="c:\github\ict-322-ski-service-app\skiserviceapp.tests\bin\debug\net8.0\skiserviceapp.tests.dll" id="b38d4d44-4708-d85d-562d-8fed8e803d4e">
      <Execution id="20927afa-c54e-4e65-bd8a-67ab73f527b0" />
      <TestMethod codeBase="C:\Github\ict-322-ski-service-app\SkiServiceApp.Tests\bin\Debug\net8.0\SkiServiceApp.Tests.dll" adapterTypeName="executor://xunit/VsTestRunner2/netcoreapp" className="SkiServiceApp.Tests.ViewModels.SettingsViewModelTests" name="ChangeCancelInListView_UpdatesCancelInListView" />
    </UnitTest>
    <UnitTest name="SkiServiceApp.Tests.ViewModels.SettingsViewModelTests.ChangeTheme_UpdatesTheme" storage="c:\github\ict-322-ski-service-app\skiserviceapp.tests\bin\debug\net8.0\skiserviceapp.tests.dll" id="40d0b389-0c08-7335-14d7-bc1ce060d1d9">
      <Execution id="007049d8-d3e2-478a-a017-1b09fb3e568e" />
      <TestMethod codeBase="C:\Github\ict-322-ski-service-app\SkiServiceApp.Tests\bin\Debug\net8.0\SkiServiceApp.Tests.dll" adapterTypeName="executor://xunit/VsTestRunner2/netcoreapp" className="SkiServiceApp.Tests.ViewModels.SettingsViewModelTests" name="ChangeTheme_UpdatesTheme" />
    </UnitTest>
    <UnitTest name="SkiServiceApp.Tests.Models.CustomListItemTests.VerifySample" storage="c:\github\ict-322-ski-service-app\skiserviceapp.tests\bin\debug\net8.0\skiserviceapp.tests.dll" id="11c4d57e-6c0b-0f26-3fe8-a273c170ebd7">
      <Execution id="1056de25-0d33-425f-961f-6085051e1eb0" />
      <TestMethod codeBase="C:\Github\ict-322-ski-service-app\SkiServiceApp.Tests\bin\Debug\net8.0\SkiServiceApp.Tests.dll" adapterTypeName="executor://xunit/VsTestRunner2/netcoreapp" className="SkiServiceApp.Tests.Models.CustomListItemTests" name="VerifySample" />
    </UnitTest>
    <UnitTest name="SkiServiceApp.Tests.ViewModels.OrderDetailViewModelTests.LoadServiceDetails_LoadsEntry" storage="c:\github\ict-322-ski-service-app\skiserviceapp.tests\bin\debug\net8.0\skiserviceapp.tests.dll" id="074f96ea-75ce-e03a-78d9-cfab6248fffc">
      <Execution id="bff5a2ac-bbeb-494f-9783-c3db38f02348" />
      <TestMethod codeBase="C:\Github\ict-322-ski-service-app\SkiServiceApp.Tests\bin\Debug\net8.0\SkiServiceApp.Tests.dll" adapterTypeName="executor://xunit/VsTestRunner2/netcoreapp" className="SkiServiceApp.Tests.ViewModels.OrderDetailViewModelTests" name="LoadServiceDetails_LoadsEntry" />
    </UnitTest>
    <UnitTest name="SkiServiceApp.Tests.Models.CustomListItemTests.NextStateForSampleWorks" storage="c:\github\ict-322-ski-service-app\skiserviceapp.tests\bin\debug\net8.0\skiserviceapp.tests.dll" id="fd1e2349-942d-547e-a79d-a2c074d1ccd1">
      <Execution id="8f04f98f-cb5a-4cb0-a013-a3d7aff867b4" />
      <TestMethod codeBase="C:\Github\ict-322-ski-service-app\SkiServiceApp.Tests\bin\Debug\net8.0\SkiServiceApp.Tests.dll" adapterTypeName="executor://xunit/VsTestRunner2/netcoreapp" className="SkiServiceApp.Tests.Models.CustomListItemTests" name="NextStateForSampleWorks" />
    </UnitTest>
    <UnitTest name="SkiServiceApp.Tests.Models.HttpResponseTests.HttpResponse_ParseError" storage="c:\github\ict-322-ski-service-app\skiserviceapp.tests\bin\debug\net8.0\skiserviceapp.tests.dll" id="a48d48fa-f2c4-4ce4-2934-91ca6c8df0f6">
      <Execution id="2d9ac469-0559-4653-a04e-6c073b13ecdb" />
      <TestMethod codeBase="C:\Github\ict-322-ski-service-app\SkiServiceApp.Tests\bin\Debug\net8.0\SkiServiceApp.Tests.dll" adapterTypeName="executor://xunit/VsTestRunner2/netcoreapp" className="SkiServiceApp.Tests.Models.HttpResponseTests" name="HttpResponse_ParseError" />
    </UnitTest>
    <UnitTest name="SkiServiceApp.Tests.ViewModels.SettingsViewModelTests.ChangeLanguage_UpdatesLanguage" storage="c:\github\ict-322-ski-service-app\skiserviceapp.tests\bin\debug\net8.0\skiserviceapp.tests.dll" id="04d94cfc-2ee0-3833-87dc-3958428675c6">
      <Execution id="698b6563-ee3c-46d3-b116-2a9794f24fbb" />
      <TestMethod codeBase="C:\Github\ict-322-ski-service-app\SkiServiceApp.Tests\bin\Debug\net8.0\SkiServiceApp.Tests.dll" adapterTypeName="executor://xunit/VsTestRunner2/netcoreapp" className="SkiServiceApp.Tests.ViewModels.SettingsViewModelTests" name="ChangeLanguage_UpdatesLanguage" />
    </UnitTest>
    <UnitTest name="SkiServiceApp.Tests.Common.AuthManagerTests.SetPropertiesCorrectlyOnLogin" storage="c:\github\ict-322-ski-service-app\skiserviceapp.tests\bin\debug\net8.0\skiserviceapp.tests.dll" id="20033b6f-58c4-4a7e-af81-b4247209b75b">
      <Execution id="4022ebb3-15af-4aed-a057-03980c4e8cdd" />
      <TestMethod codeBase="C:\Github\ict-322-ski-service-app\SkiServiceApp.Tests\bin\Debug\net8.0\SkiServiceApp.Tests.dll" adapterTypeName="executor://xunit/VsTestRunner2/netcoreapp" className="SkiServiceApp.Tests.Common.AuthManagerTests" name="SetPropertiesCorrectlyOnLogin" />
    </UnitTest>
    <UnitTest name="SkiServiceApp.Tests.ViewModels.SettingsViewModelTests.ChangeAlwaysSaveLogin_UpdatesAlwaysSaveLogin" storage="c:\github\ict-322-ski-service-app\skiserviceapp.tests\bin\debug\net8.0\skiserviceapp.tests.dll" id="0db71506-fafa-ba49-c56a-47f6389358a9">
      <Execution id="06a7ae94-a61e-475e-8dea-e8f932169d8b" />
      <TestMethod codeBase="C:\Github\ict-322-ski-service-app\SkiServiceApp.Tests\bin\Debug\net8.0\SkiServiceApp.Tests.dll" adapterTypeName="executor://xunit/VsTestRunner2/netcoreapp" className="SkiServiceApp.Tests.ViewModels.SettingsViewModelTests" name="ChangeAlwaysSaveLogin_UpdatesAlwaysSaveLogin" />
    </UnitTest>
    <UnitTest name="SkiServiceApp.Tests.Common.AuthManagerTests.LoginChanged_CalledOnLogin" storage="c:\github\ict-322-ski-service-app\skiserviceapp.tests\bin\debug\net8.0\skiserviceapp.tests.dll" id="7c3a3474-b43e-d816-5016-1b899194ee97">
      <Execution id="98e08afc-45b4-4834-839e-e4a8240ff5a5" />
      <TestMethod codeBase="C:\Github\ict-322-ski-service-app\SkiServiceApp.Tests\bin\Debug\net8.0\SkiServiceApp.Tests.dll" adapterTypeName="executor://xunit/VsTestRunner2/netcoreapp" className="SkiServiceApp.Tests.Common.AuthManagerTests" name="LoginChanged_CalledOnLogin" />
    </UnitTest>
    <UnitTest name="SkiServiceApp.Tests.Models.HttpResponseTests.HttpResponse_Failure" storage="c:\github\ict-322-ski-service-app\skiserviceapp.tests\bin\debug\net8.0\skiserviceapp.tests.dll" id="69cc539c-887a-9c25-8311-1c386716d0b1">
      <Execution id="1b23d536-50a1-48d6-8824-9a0bed07c063" />
      <TestMethod codeBase="C:\Github\ict-322-ski-service-app\SkiServiceApp.Tests\bin\Debug\net8.0\SkiServiceApp.Tests.dll" adapterTypeName="executor://xunit/VsTestRunner2/netcoreapp" className="SkiServiceApp.Tests.Models.HttpResponseTests" name="HttpResponse_Failure" />
    </UnitTest>
    <UnitTest name="SkiServiceApp.Tests.ViewModels.AppShellViewModelTests.Logout_UpdatesAuthManager" storage="c:\github\ict-322-ski-service-app\skiserviceapp.tests\bin\debug\net8.0\skiserviceapp.tests.dll" id="345e94fb-2776-6488-eebd-afa29d27772f">
      <Execution id="bb82ae4b-48b6-4441-a5c5-5ce716d20638" />
      <TestMethod codeBase="C:\Github\ict-322-ski-service-app\SkiServiceApp.Tests\bin\Debug\net8.0\SkiServiceApp.Tests.dll" adapterTypeName="executor://xunit/VsTestRunner2/netcoreapp" className="SkiServiceApp.Tests.ViewModels.AppShellViewModelTests" name="Logout_UpdatesAuthManager" />
    </UnitTest>
    <UnitTest name="SkiServiceApp.Tests.Models.HttpResponseTests.HttpResponse_ParseSuccess" storage="c:\github\ict-322-ski-service-app\skiserviceapp.tests\bin\debug\net8.0\skiserviceapp.tests.dll" id="1d85eeea-a373-7397-e632-b0dd0dfbe361">
      <Execution id="8731b34d-2325-47e6-bd72-15da86f29ab3" />
      <TestMethod codeBase="C:\Github\ict-322-ski-service-app\SkiServiceApp.Tests\bin\Debug\net8.0\SkiServiceApp.Tests.dll" adapterTypeName="executor://xunit/VsTestRunner2/netcoreapp" className="SkiServiceApp.Tests.Models.HttpResponseTests" name="HttpResponse_ParseSuccess" />
    </UnitTest>
    <UnitTest name="SkiServiceApp.Tests.ViewModels.AppLoginViewModelTests.LoginModifiesAuthManager" storage="c:\github\ict-322-ski-service-app\skiserviceapp.tests\bin\debug\net8.0\skiserviceapp.tests.dll" id="0e35a989-f850-419b-32b6-4044dd263d11">
      <Execution id="afc2cac2-10a2-408e-9652-722105ae9395" />
      <TestMethod codeBase="C:\Github\ict-322-ski-service-app\SkiServiceApp.Tests\bin\Debug\net8.0\SkiServiceApp.Tests.dll" adapterTypeName="executor://xunit/VsTestRunner2/netcoreapp" className="SkiServiceApp.Tests.ViewModels.AppLoginViewModelTests" name="LoginModifiesAuthManager" />
    </UnitTest>
    <UnitTest name="SkiServiceApp.Tests.Models.CustomListItemTests.UpdateDetailsWorks" storage="c:\github\ict-322-ski-service-app\skiserviceapp.tests\bin\debug\net8.0\skiserviceapp.tests.dll" id="3e1d4b7c-79bf-987a-0479-38ba1bcdbffb">
      <Execution id="48241944-ae38-4410-bf81-b529d661a71d" />
      <TestMethod codeBase="C:\Github\ict-322-ski-service-app\SkiServiceApp.Tests\bin\Debug\net8.0\SkiServiceApp.Tests.dll" adapterTypeName="executor://xunit/VsTestRunner2/netcoreapp" className="SkiServiceApp.Tests.Models.CustomListItemTests" name="UpdateDetailsWorks" />
    </UnitTest>
    <UnitTest name="SkiServiceApp.Tests.Common.AuthManagerTests.LoginChanged_CalledOnLogout" storage="c:\github\ict-322-ski-service-app\skiserviceapp.tests\bin\debug\net8.0\skiserviceapp.tests.dll" id="82d5288b-2247-bbcb-0346-c212eabe4f09">
      <Execution id="79d669d5-4d21-4bb0-b1c7-aaded863d198" />
      <TestMethod codeBase="C:\Github\ict-322-ski-service-app\SkiServiceApp.Tests\bin\Debug\net8.0\SkiServiceApp.Tests.dll" adapterTypeName="executor://xunit/VsTestRunner2/netcoreapp" className="SkiServiceApp.Tests.Common.AuthManagerTests" name="LoginChanged_CalledOnLogout" />
    </UnitTest>
    <UnitTest name="SkiServiceApp.Tests.ViewModels.SettingsViewModelTests.LogoutOnAllDevices_CallsEventAndRemovesUser" storage="c:\github\ict-322-ski-service-app\skiserviceapp.tests\bin\debug\net8.0\skiserviceapp.tests.dll" id="3c221ccb-3012-932b-3efe-0de90d566140">
      <Execution id="5fb6c329-97c7-4de1-9c2e-0c947f60d0c6" />
      <TestMethod codeBase="C:\Github\ict-322-ski-service-app\SkiServiceApp.Tests\bin\Debug\net8.0\SkiServiceApp.Tests.dll" adapterTypeName="executor://xunit/VsTestRunner2/netcoreapp" className="SkiServiceApp.Tests.ViewModels.SettingsViewModelTests" name="LogoutOnAllDevices_CallsEventAndRemovesUser" />
    </UnitTest>
    <UnitTest name="SkiServiceApp.Tests.Models.CustomListItemTests.ApplyToSampleWorks" storage="c:\github\ict-322-ski-service-app\skiserviceapp.tests\bin\debug\net8.0\skiserviceapp.tests.dll" id="075bc5d1-93c0-5def-a32a-94348398837b">
      <Execution id="5ce46047-4631-4c11-a1f6-686df1e71aae" />
      <TestMethod codeBase="C:\Github\ict-322-ski-service-app\SkiServiceApp.Tests\bin\Debug\net8.0\SkiServiceApp.Tests.dll" adapterTypeName="executor://xunit/VsTestRunner2/netcoreapp" className="SkiServiceApp.Tests.Models.CustomListItemTests" name="ApplyToSampleWorks" />
    </UnitTest>
    <UnitTest name="SkiServiceApp.Tests.Common.AuthManagerTests.RemovePropertiesCorrectlyOnLogout" storage="c:\github\ict-322-ski-service-app\skiserviceapp.tests\bin\debug\net8.0\skiserviceapp.tests.dll" id="7e849c67-f0f2-3a08-8f6e-a8f82feab75e">
      <Execution id="3edd28cc-96ba-449a-920e-6d2a1c87a8f4" />
      <TestMethod codeBase="C:\Github\ict-322-ski-service-app\SkiServiceApp.Tests\bin\Debug\net8.0\SkiServiceApp.Tests.dll" adapterTypeName="executor://xunit/VsTestRunner2/netcoreapp" className="SkiServiceApp.Tests.Common.AuthManagerTests" name="RemovePropertiesCorrectlyOnLogout" />
    </UnitTest>
    <UnitTest name="SkiServiceApp.Tests.ViewModels.AppLoginViewModelTests.LoginFailsWithWrongUsername" storage="c:\github\ict-322-ski-service-app\skiserviceapp.tests\bin\debug\net8.0\skiserviceapp.tests.dll" id="410f5827-bff5-9431-2dd2-c578822bb824">
      <Execution id="061dc577-5a5b-4142-a73b-8830b545e658" />
      <TestMethod codeBase="C:\Github\ict-322-ski-service-app\SkiServiceApp.Tests\bin\Debug\net8.0\SkiServiceApp.Tests.dll" adapterTypeName="executor://xunit/VsTestRunner2/netcoreapp" className="SkiServiceApp.Tests.ViewModels.AppLoginViewModelTests" name="LoginFailsWithWrongUsername" />
    </UnitTest>
    <UnitTest name="SkiServiceApp.Tests.Models.CustomListItemTests.CancelForSampleWorks" storage="c:\github\ict-322-ski-service-app\skiserviceapp.tests\bin\debug\net8.0\skiserviceapp.tests.dll" id="7866139b-3ecc-c1dd-8e4f-ba804cabb3a6">
      <Execution id="5ee28aed-abfe-4ffe-b595-367777bd747a" />
      <TestMethod codeBase="C:\Github\ict-322-ski-service-app\SkiServiceApp.Tests\bin\Debug\net8.0\SkiServiceApp.Tests.dll" adapterTypeName="executor://xunit/VsTestRunner2/netcoreapp" className="SkiServiceApp.Tests.Models.CustomListItemTests" name="CancelForSampleWorks" />
    </UnitTest>
  </TestDefinitions>
  <TestEntries>
    <TestEntry testId="0db71506-fafa-ba49-c56a-47f6389358a9" executionId="06a7ae94-a61e-475e-8dea-e8f932169d8b" testListId="8c84fa94-04c1-424b-9868-57a2d4851a1d" />
    <TestEntry testId="fd1e2349-942d-547e-a79d-a2c074d1ccd1" executionId="8f04f98f-cb5a-4cb0-a013-a3d7aff867b4" testListId="8c84fa94-04c1-424b-9868-57a2d4851a1d" />
    <TestEntry testId="7e849c67-f0f2-3a08-8f6e-a8f82feab75e" executionId="3edd28cc-96ba-449a-920e-6d2a1c87a8f4" testListId="8c84fa94-04c1-424b-9868-57a2d4851a1d" />
    <TestEntry testId="a48d48fa-f2c4-4ce4-2934-91ca6c8df0f6" executionId="2d9ac469-0559-4653-a04e-6c073b13ecdb" testListId="8c84fa94-04c1-424b-9868-57a2d4851a1d" />
    <TestEntry testId="1d85eeea-a373-7397-e632-b0dd0dfbe361" executionId="8731b34d-2325-47e6-bd72-15da86f29ab3" testListId="8c84fa94-04c1-424b-9868-57a2d4851a1d" />
    <TestEntry testId="7866139b-3ecc-c1dd-8e4f-ba804cabb3a6" executionId="5ee28aed-abfe-4ffe-b595-367777bd747a" testListId="8c84fa94-04c1-424b-9868-57a2d4851a1d" />
    <TestEntry testId="0e35a989-f850-419b-32b6-4044dd263d11" executionId="afc2cac2-10a2-408e-9652-722105ae9395" testListId="8c84fa94-04c1-424b-9868-57a2d4851a1d" />
    <TestEntry testId="40d0b389-0c08-7335-14d7-bc1ce060d1d9" executionId="007049d8-d3e2-478a-a017-1b09fb3e568e" testListId="8c84fa94-04c1-424b-9868-57a2d4851a1d" />
    <TestEntry testId="074f96ea-75ce-e03a-78d9-cfab6248fffc" executionId="bff5a2ac-bbeb-494f-9783-c3db38f02348" testListId="8c84fa94-04c1-424b-9868-57a2d4851a1d" />
    <TestEntry testId="345e94fb-2776-6488-eebd-afa29d27772f" executionId="bb82ae4b-48b6-4441-a5c5-5ce716d20638" testListId="8c84fa94-04c1-424b-9868-57a2d4851a1d" />
    <TestEntry testId="82d5288b-2247-bbcb-0346-c212eabe4f09" executionId="79d669d5-4d21-4bb0-b1c7-aaded863d198" testListId="8c84fa94-04c1-424b-9868-57a2d4851a1d" />
    <TestEntry testId="410f5827-bff5-9431-2dd2-c578822bb824" executionId="061dc577-5a5b-4142-a73b-8830b545e658" testListId="8c84fa94-04c1-424b-9868-57a2d4851a1d" />
    <TestEntry testId="075bc5d1-93c0-5def-a32a-94348398837b" executionId="5ce46047-4631-4c11-a1f6-686df1e71aae" testListId="8c84fa94-04c1-424b-9868-57a2d4851a1d" />
    <TestEntry testId="3e1d4b7c-79bf-987a-0479-38ba1bcdbffb" executionId="48241944-ae38-4410-bf81-b529d661a71d" testListId="8c84fa94-04c1-424b-9868-57a2d4851a1d" />
    <TestEntry testId="8bc37e95-0ea0-aaaf-a024-b90b440ef618" executionId="fa0b676f-8575-4e2c-897a-2465327f701b" testListId="8c84fa94-04c1-424b-9868-57a2d4851a1d" />
    <TestEntry testId="b38d4d44-4708-d85d-562d-8fed8e803d4e" executionId="20927afa-c54e-4e65-bd8a-67ab73f527b0" testListId="8c84fa94-04c1-424b-9868-57a2d4851a1d" />
    <TestEntry testId="04d94cfc-2ee0-3833-87dc-3958428675c6" executionId="698b6563-ee3c-46d3-b116-2a9794f24fbb" testListId="8c84fa94-04c1-424b-9868-57a2d4851a1d" />
    <TestEntry testId="69cc539c-887a-9c25-8311-1c386716d0b1" executionId="1b23d536-50a1-48d6-8824-9a0bed07c063" testListId="8c84fa94-04c1-424b-9868-57a2d4851a1d" />
    <TestEntry testId="3c221ccb-3012-932b-3efe-0de90d566140" executionId="5fb6c329-97c7-4de1-9c2e-0c947f60d0c6" testListId="8c84fa94-04c1-424b-9868-57a2d4851a1d" />
    <TestEntry testId="7c3a3474-b43e-d816-5016-1b899194ee97" executionId="98e08afc-45b4-4834-839e-e4a8240ff5a5" testListId="8c84fa94-04c1-424b-9868-57a2d4851a1d" />
    <TestEntry testId="50ef865e-29b9-a603-44ca-250f077393dd" executionId="ebd0563e-8e4c-4c24-923f-5da0b396260c" testListId="8c84fa94-04c1-424b-9868-57a2d4851a1d" />
    <TestEntry testId="11c4d57e-6c0b-0f26-3fe8-a273c170ebd7" executionId="1056de25-0d33-425f-961f-6085051e1eb0" testListId="8c84fa94-04c1-424b-9868-57a2d4851a1d" />
    <TestEntry testId="20033b6f-58c4-4a7e-af81-b4247209b75b" executionId="4022ebb3-15af-4aed-a057-03980c4e8cdd" testListId="8c84fa94-04c1-424b-9868-57a2d4851a1d" />
  </TestEntries>
  <TestLists>
    <TestList name="Ergebnisse nicht in einer Liste" id="8c84fa94-04c1-424b-9868-57a2d4851a1d" />
    <TestList name="Alle geladenen Ergebnisse" id="19431567-8539-422a-85d7-44ee4e166bda" />
  </TestLists>
  <ResultSummary outcome="Completed">
    <Counters total="23" executed="23" passed="23" failed="0" error="0" timeout="0" aborted="0" inconclusive="0" passedButRunAborted="0" notRunnable="0" notExecuted="0" disconnected="0" warning="0" completed="0" inProgress="0" pending="0" />
    <Output>
      <StdOut>[xUnit.net 00:00:00.00] xUnit.net VSTest Adapter v2.5.6+bf9b858c26 (64-bit .NET 8.0.0)&#xD;
[xUnit.net 00:00:00.07]   Discovering: SkiServiceApp.Tests&#xD;
[xUnit.net 00:00:00.09]   Discovered:  SkiServiceApp.Tests&#xD;
[xUnit.net 00:00:00.10]   Starting:    SkiServiceApp.Tests&#xD;
[xUnit.net 00:00:16.83]   Finished:    SkiServiceApp.Tests&#xD;
</StdOut>
    </Output>
  </ResultSummary>
</TestRun>